
Sun, 28 Jul 2019 04:43:19 GMT-Info-Example app listening on port3000!
Sun, 28 Jul 2019 04:46:01 GMT-Info-Example app listening on port3000!
Sun, 28 Jul 2019 04:46:34 GMT-Info-Example app listening on port3000!
Sun, 28 Jul 2019 04:47:06 GMT-Info-Example app listening on port3000!
Sun, 28 Jul 2019 04:47:14 GMT-Error-ERROR: cannot find surveys
Sun, 28 Jul 2019 04:47:39 GMT-Info-Example app listening on port3000!
Sun, 28 Jul 2019 04:48:05 GMT-Info-Example app listening on port3000!
Sun, 28 Jul 2019 04:48:25 GMT-Info-Example app listening on port3000!
Sun, 28 Jul 2019 04:48:52 GMT-Info-Example app listening on port3000!
Sun, 28 Jul 2019 05:32:42 GMT-Info-Example app listening on port3000!
Sun, 28 Jul 2019 12:29:31 GMT-Info-Example app listening on port3000!
Sun, 28 Jul 2019 12:31:28 GMT-Info-Example app listening on port3000!
Sun, 28 Jul 2019 12:35:08 GMT-Info-Example app listening on port3000!
Sun, 28 Jul 2019 12:36:16 GMT-Info-Example app listening on port3000!
Sun, 28 Jul 2019 12:40:31 GMT-Info-Example app listening on port3000!
Sun, 28 Jul 2019 12:41:48 GMT-Info-Example app listening on port3000!
Mon, 29 Jul 2019 04:32:59 GMT-Info-Example app listening on port3000!
Mon, 29 Jul 2019 05:56:04 GMT-Info-Example app listening on port3000!
Mon, 29 Jul 2019 14:39:07 GMT-Info-Example app listening on port3000!
Mon, 29 Jul 2019 14:41:31 GMT-Info-Example app listening on port3000!
Mon, 29 Jul 2019 14:51:33 GMT-Info-Example app listening on port3000!
Mon, 29 Jul 2019 15:02:32 GMT-Info-Example app listening on port3000!
Mon, 29 Jul 2019 15:04:07 GMT-Info-Example app listening on port3000!
Mon, 29 Jul 2019 15:04:12 GMT-Info-Example app listening on port3000!
Mon, 29 Jul 2019 15:06:04 GMT-Info-Example app listening on port3000!
Mon, 29 Jul 2019 15:08:12 GMT-Info-Example app listening on port3000!
Mon, 29 Jul 2019 17:35:56 GMT-Info-Example app listening on port3000!
Mon, 29 Jul 2019 18:51:19 GMT-Info-Example app listening on port3000!
Mon, 29 Jul 2019 19:23:46 GMT-Info-Example app listening on port3000!
Mon, 29 Jul 2019 19:24:39 GMT-Info-Example app listening on port3000!
Mon, 29 Jul 2019 19:34:22 GMT-Info-Example app listening on port3000!
Mon, 29 Jul 2019 19:35:42 GMT-Info-Example app listening on port3000!
Tue, 27 Aug 2019 12:53:08 GMT-Info-Example app listening on port3000!
Tue, 27 Aug 2019 12:56:18 GMT-Info-Example app listening on port3000!
Tue, 27 Aug 2019 12:56:50 GMT-Info-Example app listening on port3000!
Tue, 27 Aug 2019 12:56:58 GMT-Info-Example app listening on port3000!
Tue, 27 Aug 2019 12:57:27 GMT-Info-Example app listening on port3000!
Tue, 27 Aug 2019 13:20:21 GMT-Info-Example app listening on port3000!
Tue, 27 Aug 2019 13:23:36 GMT-Info-Example app listening on port3000!
Tue, 27 Aug 2019 13:26:39 GMT-Info-Example app listening on port3000!
Tue, 27 Aug 2019 13:35:46 GMT-Info-Example app listening on port3000!
Tue, 27 Aug 2019 13:36:09 GMT-Info-Example app listening on port3000!
Tue, 27 Aug 2019 13:36:36 GMT-Info-Example app listening on port3000!
Tue, 27 Aug 2019 13:37:06 GMT-Info-Example app listening on port3000!
Tue, 27 Aug 2019 13:37:13 GMT-Info-Example app listening on port3000!
Tue, 27 Aug 2019 13:37:33 GMT-Info-Example app listening on port3000!
Tue, 27 Aug 2019 13:37:55 GMT-Info-Example app listening on port3000!
Tue, 27 Aug 2019 13:38:53 GMT-Info-Example app listening on port3000!
Tue, 27 Aug 2019 13:39:06 GMT-Info-Example app listening on port3000!
Tue, 27 Aug 2019 13:39:15 GMT-Info-Example app listening on port3000!
Tue, 27 Aug 2019 13:39:26 GMT-Info-Example app listening on port3000!
Tue, 27 Aug 2019 13:41:41 GMT-Info-Example app listening on port3000!
Tue, 27 Aug 2019 13:42:11 GMT-Info-Example app listening on port3000!
Tue, 27 Aug 2019 13:42:53 GMT-Info-Example app listening on port3000!
Tue, 27 Aug 2019 13:44:44 GMT-Info-Example app listening on port3000!
Tue, 27 Aug 2019 13:53:29 GMT-Info-Example app listening on port3000!
Tue, 27 Aug 2019 13:57:38 GMT-Info-Example app listening on port3000!
Tue, 27 Aug 2019 13:57:53 GMT-Info-Example app listening on port3000!
Tue, 27 Aug 2019 13:58:49 GMT-Info-Example app listening on port3000!
Tue, 27 Aug 2019 14:00:19 GMT-Info-Example app listening on port3000!
Tue, 27 Aug 2019 14:03:52 GMT-Info-Example app listening on port3000!
Tue, 27 Aug 2019 14:04:16 GMT-Info-Example app listening on port3000!
Tue, 27 Aug 2019 14:04:56 GMT-Info-performing task:[object Object]
Tue, 27 Aug 2019 14:04:56 GMT-Error-Task Failed, putting it back at end of Queue
Tue, 27 Aug 2019 14:04:56 GMT-Info-performing task:[object Object]
Tue, 27 Aug 2019 14:04:56 GMT-Info-performing task:[object Object]
Tue, 27 Aug 2019 14:04:56 GMT-Error-Task Failed, putting it back at end of Queue
Tue, 27 Aug 2019 14:04:56 GMT-Info-performing task:[object Object]
Tue, 27 Aug 2019 14:05:31 GMT-Info-Example app listening on port3000!
Tue, 27 Aug 2019 14:06:10 GMT-Info-Example app listening on port3000!
Tue, 27 Aug 2019 14:06:21 GMT-Info-Example app listening on port3000!
Tue, 27 Aug 2019 14:06:22 GMT-Info-performing task:[object Object]
Tue, 27 Aug 2019 14:06:22 GMT-Error-Task Failed, putting it back at end of Queue
Tue, 27 Aug 2019 14:06:22 GMT-Info-performing task:[object Object]
Tue, 27 Aug 2019 14:06:22 GMT-Error-Task Failed, putting it back at end of Queue
Tue, 27 Aug 2019 14:06:22 GMT-Info-performing task:[object Object]
Tue, 27 Aug 2019 14:06:22 GMT-Error-Task Failed, putting it back at end of Queue
Tue, 27 Aug 2019 14:06:22 GMT-Info-performing task:[object Object]
Tue, 27 Aug 2019 14:06:22 GMT-Error-Task Failed, putting it back at end of Queue
Tue, 27 Aug 2019 14:06:22 GMT-Info-performing task:[object Object]
Tue, 27 Aug 2019 14:06:44 GMT-Info-Example app listening on port3000!
Tue, 27 Aug 2019 14:07:50 GMT-Info-Example app listening on port3000!
Tue, 27 Aug 2019 14:07:53 GMT-Info-performing task:[object Object]
Tue, 27 Aug 2019 14:07:53 GMT-Error-Task Failed, putting it back at end of Queue
Tue, 27 Aug 2019 14:07:53 GMT-Info-performing task:[object Object]
Tue, 27 Aug 2019 14:07:53 GMT-Info-success task is DONE
Tue, 27 Aug 2019 14:07:53 GMT-Info-performing task:[object Object]
Tue, 27 Aug 2019 14:07:53 GMT-Info-success task is DONE
Tue, 27 Aug 2019 14:08:21 GMT-Info-Example app listening on port3000!
Tue, 27 Aug 2019 14:10:56 GMT-Info-performing task:[object Object]
Tue, 27 Aug 2019 14:10:56 GMT-Info-success task is DONE
Tue, 27 Aug 2019 14:10:56 GMT-Info-performing task:[object Object]
Tue, 27 Aug 2019 14:10:56 GMT-Info-success task is DONE
Tue, 27 Aug 2019 14:10:56 GMT-Info-performing task:[object Object]
Tue, 27 Aug 2019 14:10:56 GMT-Info-success task is DONE
Tue, 27 Aug 2019 14:11:30 GMT-Info-Example app listening on port3000!
Tue, 27 Aug 2019 14:11:38 GMT-Info-Example app listening on port3000!
Tue, 27 Aug 2019 14:13:35 GMT-Info-Example app listening on port3000!
Tue, 27 Aug 2019 14:13:44 GMT-Info-performing task:[object Object]
Tue, 27 Aug 2019 14:13:44 GMT-Error-Task Failed, putting it back at end of Queue
Tue, 27 Aug 2019 14:13:44 GMT-Info-performing task:[object Object]
Tue, 27 Aug 2019 14:13:44 GMT-Error-Task Failed, putting it back at end of Queue
Tue, 27 Aug 2019 14:13:44 GMT-Info-performing task:[object Object]
Tue, 27 Aug 2019 14:13:44 GMT-Info-success task is DONE
Tue, 27 Aug 2019 14:13:44 GMT-Info-performing task:[object Object]
Tue, 27 Aug 2019 14:13:44 GMT-Info-success task is DONE
Tue, 27 Aug 2019 14:13:44 GMT-Info-performing task:[object Object]
Tue, 27 Aug 2019 14:13:44 GMT-Info-success task is DONE